<?xml version="1.0" encoding="UTF-8"?>
<!-- Generated by org.testng.reporters.JUnitXMLReporter -->
<testsuite ignored="0" hostname="Suren-MacBook-Pro.local" failures="0" tests="2" name="Surefire test" time="40.681" errors="0" timestamp="2023-08-26T22:55:09 JST">
  <testcase classname="io.cucumber.testng.AbstractTestNGCucumberTests" name="runScenario" time="14.893"/>
  <testcase classname="io.cucumber.testng.AbstractTestNGCucumberTests" name="runScenario" time="25.001"/>
</testsuite> <!-- Surefire test -->
