<?xml version="1.0" encoding="UTF-8"?>
<!-- Generated by org.testng.reporters.JUnitXMLReporter -->
<testsuite hostname="Suren-MacBook-Pro.local" ignored="0" name="Surefire test" tests="2" failures="0" timestamp="2023-08-27T15:03:06 JST" time="25.913" errors="0">
  <testcase name="runScenario" time="10.239" classname="io.cucumber.testng.AbstractTestNGCucumberTests"/>
  <testcase name="runScenario" time="15.175" classname="io.cucumber.testng.AbstractTestNGCucumberTests"/>
</testsuite> <!-- Surefire test -->
