<?xml version="1.0" encoding="UTF-8"?>
<testng-results skipped="0" failed="0" ignored="0" total="2" passed="2">
  <reporter-output>
  </reporter-output>
  <suite name="Surefire suite" duration-ms="27920" started-at="2023-08-27T14:45:24 JST" finished-at="2023-08-27T14:45:52 JST">
    <groups>
      <group name="cucumber">
        <method signature="AbstractTestNGCucumberTests.runScenario(io.cucumber.testng.PickleEventWrapper,io.cucumber.testng.CucumberFeatureWrapper)[pri:0, instance:runner.MercariPageRunner@711f39f9]" name="runScenario" class="io.cucumber.testng.AbstractTestNGCucumberTests"/>
      </group> <!-- cucumber -->
    </groups>
    <test name="Surefire test" duration-ms="27920" started-at="2023-08-27T14:45:24 JST" finished-at="2023-08-27T14:45:52 JST">
      <class name="runner.MercariPageRunner">
        <test-method status="PASS" signature="setUpClass()[pri:0, instance:runner.MercariPageRunner@711f39f9]" name="setUpClass" is-config="true" duration-ms="162" started-at="2023-08-27T14:45:24 JST" finished-at="2023-08-27T14:45:24 JST">
          <reporter-output>
          </reporter-output>
        </test-method> <!-- setUpClass -->
        <test-method status="PASS" signature="before()[pri:0, instance:runner.MercariPageRunner@711f39f9]" name="before" is-config="true" duration-ms="0" started-at="2023-08-27T14:45:24 JST" finished-at="2023-08-27T14:45:24 JST">
          <reporter-output>
          </reporter-output>
        </test-method> <!-- before -->
        <test-method status="PASS" signature="runScenario(io.cucumber.testng.PickleEventWrapper,io.cucumber.testng.CucumberFeatureWrapper)[pri:0, instance:runner.MercariPageRunner@711f39f9]" name="runScenario" duration-ms="13007" started-at="2023-08-27T14:45:24 JST" description="Runs Cucumber Scenarios" data-provider="scenarios" finished-at="2023-08-27T14:45:37 JST">
          <params>
            <param index="0">
              <value>
                <![CDATA["TC_01 Verify the Search conditions are set correctly in Mercari app"]]>
              </value>
            </param>
            <param index="1">
              <value>
                <![CDATA["Search conditions are set correctly"]]>
              </value>
            </param>
          </params>
          <reporter-output>
          </reporter-output>
        </test-method> <!-- runScenario -->
        <test-method status="PASS" signature="runScenario(io.cucumber.testng.PickleEventWrapper,io.cucumber.testng.CucumberFeatureWrapper)[pri:0, instance:runner.MercariPageRunner@711f39f9]" name="runScenario" duration-ms="14455" started-at="2023-08-27T14:45:37 JST" description="Runs Cucumber Scenarios" data-provider="scenarios" finished-at="2023-08-27T14:45:51 JST">
          <params>
            <param index="0">
              <value>
                <![CDATA["TC_02 Search conditions are set correctly from the latest browsing history."]]>
              </value>
            </param>
            <param index="1">
              <value>
                <![CDATA["Search conditions are set correctly"]]>
              </value>
            </param>
          </params>
          <reporter-output>
          </reporter-output>
        </test-method> <!-- runScenario -->
        <test-method status="PASS" signature="after()[pri:0, instance:runner.MercariPageRunner@711f39f9]" name="after" is-config="true" duration-ms="2" started-at="2023-08-27T14:45:51 JST" finished-at="2023-08-27T14:45:51 JST">
          <reporter-output>
          </reporter-output>
        </test-method> <!-- after -->
        <test-method status="PASS" signature="tearDownClass()[pri:0, instance:runner.MercariPageRunner@711f39f9]" name="tearDownClass" is-config="true" duration-ms="213" started-at="2023-08-27T14:45:51 JST" finished-at="2023-08-27T14:45:52 JST">
          <reporter-output>
          </reporter-output>
        </test-method> <!-- tearDownClass -->
      </class> <!-- runner.MercariPageRunner -->
    </test> <!-- Surefire test -->
  </suite> <!-- Surefire suite -->
</testng-results>
